{"C:\\Users\\MariyaSughali\\Desktop\\lyric tranxify\\profileUpdate\\backend\\controllers.js": {"path":"C:\\Users\\MariyaSughali\\Desktop\\lyric tranxify\\profileUpdate\\backend\\controllers.js","statementMap":{"0":{"start":{"line":4,"column":16},"end":{"line":4,"column":34}},"1":{"start":{"line":5,"column":13},"end":{"line":5,"column":28}},"2":{"start":{"line":6,"column":19},"end":{"line":6,"column":41}},"3":{"start":{"line":7,"column":12},"end":{"line":7,"column":21}},"4":{"start":{"line":9,"column":0},"end":{"line":9,"column":16}},"5":{"start":{"line":10,"column":0},"end":{"line":10,"column":27}},"6":{"start":{"line":11,"column":0},"end":{"line":11,"column":49}},"7":{"start":{"line":13,"column":22},"end":{"line":13,"column":49}},"8":{"start":{"line":14,"column":23},"end":{"line":14,"column":51}},"9":{"start":{"line":15,"column":29},"end":{"line":15,"column":63}},"10":{"start":{"line":16,"column":29},"end":{"line":16,"column":70}},"11":{"start":{"line":17,"column":23},"end":{"line":17,"column":51}},"12":{"start":{"line":19,"column":0},"end":{"line":19,"column":35}},"13":{"start":{"line":20,"column":0},"end":{"line":20,"column":37}},"14":{"start":{"line":21,"column":0},"end":{"line":21,"column":49}},"15":{"start":{"line":22,"column":0},"end":{"line":22,"column":42}},"16":{"start":{"line":23,"column":0},"end":{"line":23,"column":46}},"17":{"start":{"line":25,"column":0},"end":{"line":25,"column":21}}},"fnMap":{},"branchMap":{},"s":{"0":1,"1":1,"2":1,"3":1,"4":1,"5":1,"6":1,"7":1,"8":1,"9":1,"10":1,"11":1,"12":1,"13":1,"14":1,"15":1,"16":1,"17":1},"f":{},"b":{},"_coverageSchema":"1a1c01bbd47fc00a2c39e90264f33305004495a9","hash":"c3cf58f16ec6d991e957c295cf9f595e40020c3d"}
,"C:\\Users\\MariyaSughali\\Desktop\\lyric tranxify\\profileUpdate\\backend\\config\\database.js": {"path":"C:\\Users\\MariyaSughali\\Desktop\\lyric tranxify\\profileUpdate\\backend\\config\\database.js","statementMap":{"0":{"start":{"line":2,"column":15},"end":{"line":2,"column":28}},"1":{"start":{"line":4,"column":13},"end":{"line":10,"column":2}},"2":{"start":{"line":12,"column":0},"end":{"line":12,"column":22}}},"fnMap":{},"branchMap":{},"s":{"0":1,"1":1,"2":1},"f":{},"b":{},"_coverageSchema":"1a1c01bbd47fc00a2c39e90264f33305004495a9","hash":"3b53e7ff4281ea92c398147202eaaab12aa00ad7"}
,"C:\\Users\\MariyaSughali\\Desktop\\lyric tranxify\\profileUpdate\\backend\\routes\\account.js": {"path":"C:\\Users\\MariyaSughali\\Desktop\\lyric tranxify\\profileUpdate\\backend\\routes\\account.js","statementMap":{"0":{"start":{"line":3,"column":16},"end":{"line":3,"column":34}},"1":{"start":{"line":4,"column":15},"end":{"line":4,"column":31}},"2":{"start":{"line":5,"column":13},"end":{"line":5,"column":42}},"3":{"start":{"line":8,"column":0},"end":{"line":11,"column":5}},"4":{"start":{"line":9,"column":21},"end":{"line":9,"column":62}},"5":{"start":{"line":10,"column":6},"end":{"line":10,"column":28}},"6":{"start":{"line":13,"column":0},"end":{"line":13,"column":24}}},"fnMap":{"0":{"name":"(anonymous_0)","decl":{"start":{"line":8,"column":22},"end":{"line":8,"column":23}},"loc":{"start":{"line":8,"column":42},"end":{"line":11,"column":3}},"line":8}},"branchMap":{},"s":{"0":1,"1":1,"2":1,"3":1,"4":3,"5":3,"6":1},"f":{"0":3},"b":{},"_coverageSchema":"1a1c01bbd47fc00a2c39e90264f33305004495a9","hash":"7a657a793e89818cce5730075c172cfa03472834"}
,"C:\\Users\\MariyaSughali\\Desktop\\lyric tranxify\\profileUpdate\\backend\\routes\\changepassword.js": {"path":"C:\\Users\\MariyaSughali\\Desktop\\lyric tranxify\\profileUpdate\\backend\\routes\\changepassword.js","statementMap":{"0":{"start":{"line":2,"column":15},"end":{"line":2,"column":33}},"1":{"start":{"line":3,"column":15},"end":{"line":3,"column":27}},"2":{"start":{"line":4,"column":15},"end":{"line":4,"column":32}},"3":{"start":{"line":5,"column":13},"end":{"line":5,"column":42}},"4":{"start":{"line":6,"column":25},"end":{"line":6,"column":68}},"5":{"start":{"line":8,"column":0},"end":{"line":25,"column":3}},"6":{"start":{"line":9,"column":45},"end":{"line":9,"column":53}},"7":{"start":{"line":10,"column":19},"end":{"line":10,"column":58}},"8":{"start":{"line":11,"column":4},"end":{"line":13,"column":5}},"9":{"start":{"line":12,"column":8},"end":{"line":12,"column":73}},"10":{"start":{"line":14,"column":23},"end":{"line":14,"column":25}},"11":{"start":{"line":16,"column":4},"end":{"line":24,"column":5}},"12":{"start":{"line":17,"column":34},"end":{"line":17,"column":76}},"13":{"start":{"line":18,"column":8},"end":{"line":18,"column":100}},"14":{"start":{"line":20,"column":8},"end":{"line":20,"column":68}},"15":{"start":{"line":22,"column":8},"end":{"line":22,"column":29}},"16":{"start":{"line":23,"column":8},"end":{"line":23,"column":65}},"17":{"start":{"line":27,"column":0},"end":{"line":27,"column":24}}},"fnMap":{"0":{"name":"(anonymous_0)","decl":{"start":{"line":8,"column":30},"end":{"line":8,"column":31}},"loc":{"start":{"line":8,"column":50},"end":{"line":25,"column":1}},"line":8}},"branchMap":{"0":{"loc":{"start":{"line":11,"column":4},"end":{"line":13,"column":5}},"type":"if","locations":[{"start":{"line":11,"column":4},"end":{"line":13,"column":5}},{"start":{},"end":{}}],"line":11}},"s":{"0":1,"1":1,"2":1,"3":1,"4":1,"5":1,"6":3,"7":3,"8":3,"9":2,"10":1,"11":1,"12":1,"13":1,"14":1,"15":0,"16":0,"17":1},"f":{"0":3},"b":{"0":[2,1]},"_coverageSchema":"1a1c01bbd47fc00a2c39e90264f33305004495a9","hash":"b011ec5b7253393acf89bd31f41b3cca84a4d78a"}
,"C:\\Users\\MariyaSughali\\Desktop\\lyric tranxify\\profileUpdate\\backend\\routes\\editData.js": {"path":"C:\\Users\\MariyaSughali\\Desktop\\lyric tranxify\\profileUpdate\\backend\\routes\\editData.js","statementMap":{"0":{"start":{"line":2,"column":16},"end":{"line":2,"column":34}},"1":{"start":{"line":3,"column":15},"end":{"line":3,"column":31}},"2":{"start":{"line":5,"column":13},"end":{"line":5,"column":42}},"3":{"start":{"line":9,"column":0},"end":{"line":45,"column":5}},"4":{"start":{"line":10,"column":4},"end":{"line":44,"column":5}},"5":{"start":{"line":11,"column":73},"end":{"line":11,"column":81}},"6":{"start":{"line":13,"column":20},"end":{"line":19,"column":7}},"7":{"start":{"line":14,"column":8},"end":{"line":17,"column":10}},"8":{"start":{"line":18,"column":8},"end":{"line":18,"column":74}},"9":{"start":{"line":21,"column":27},"end":{"line":21,"column":67}},"10":{"start":{"line":22,"column":8},"end":{"line":22,"column":40}},"11":{"start":{"line":25,"column":27},"end":{"line":25,"column":37}},"12":{"start":{"line":26,"column":8},"end":{"line":26,"column":40}},"13":{"start":{"line":29,"column":6},"end":{"line":31,"column":8}},"14":{"start":{"line":30,"column":8},"end":{"line":30,"column":55}},"15":{"start":{"line":33,"column":6},"end":{"line":35,"column":7}},"16":{"start":{"line":34,"column":8},"end":{"line":34,"column":55}},"17":{"start":{"line":37,"column":6},"end":{"line":39,"column":7}},"18":{"start":{"line":38,"column":8},"end":{"line":38,"column":17}},"19":{"start":{"line":42,"column":6},"end":{"line":42,"column":59}},"20":{"start":{"line":43,"column":6},"end":{"line":43,"column":65}},"21":{"start":{"line":46,"column":0},"end":{"line":46,"column":24}}},"fnMap":{"0":{"name":"(anonymous_0)","decl":{"start":{"line":9,"column":24},"end":{"line":9,"column":25}},"loc":{"start":{"line":9,"column":44},"end":{"line":45,"column":3}},"line":9},"1":{"name":"(anonymous_1)","decl":{"start":{"line":13,"column":20},"end":{"line":13,"column":21}},"loc":{"start":{"line":13,"column":29},"end":{"line":19,"column":7}},"line":13},"2":{"name":"validateEmail","decl":{"start":{"line":20,"column":15},"end":{"line":20,"column":28}},"loc":{"start":{"line":20,"column":36},"end":{"line":23,"column":7}},"line":20},"3":{"name":"validatePhone","decl":{"start":{"line":24,"column":15},"end":{"line":24,"column":28}},"loc":{"start":{"line":24,"column":36},"end":{"line":27,"column":7}},"line":24}},"branchMap":{"0":{"loc":{"start":{"line":29,"column":6},"end":{"line":31,"column":8}},"type":"if","locations":[{"start":{"line":29,"column":6},"end":{"line":31,"column":8}},{"start":{},"end":{}}],"line":29},"1":{"loc":{"start":{"line":33,"column":6},"end":{"line":35,"column":7}},"type":"if","locations":[{"start":{"line":33,"column":6},"end":{"line":35,"column":7}},{"start":{},"end":{}}],"line":33},"2":{"loc":{"start":{"line":37,"column":6},"end":{"line":39,"column":7}},"type":"if","locations":[{"start":{"line":37,"column":6},"end":{"line":39,"column":7}},{"start":{},"end":{}}],"line":37},"3":{"loc":{"start":{"line":37,"column":9},"end":{"line":37,"column":51}},"type":"binary-expr","locations":[{"start":{"line":37,"column":9},"end":{"line":37,"column":29}},{"start":{"line":37,"column":31},"end":{"line":37,"column":51}}],"line":37}},"s":{"0":1,"1":1,"2":1,"3":1,"4":4,"5":4,"6":4,"7":2,"8":2,"9":7,"10":7,"11":8,"12":8,"13":4,"14":1,"15":4,"16":1,"17":4,"18":2,"19":0,"20":0,"21":1},"f":{"0":4,"1":2,"2":7,"3":8},"b":{"0":[1,3],"1":[1,3],"2":[2,2],"3":[4,3]},"_coverageSchema":"1a1c01bbd47fc00a2c39e90264f33305004495a9","hash":"9fdc2e81524123b5533f42a88072b7df0e2c6c97"}
,"C:\\Users\\MariyaSughali\\Desktop\\lyric tranxify\\profileUpdate\\backend\\routes\\getImage.js": {"path":"C:\\Users\\MariyaSughali\\Desktop\\lyric tranxify\\profileUpdate\\backend\\routes\\getImage.js","statementMap":{"0":{"start":{"line":2,"column":16},"end":{"line":2,"column":34}},"1":{"start":{"line":3,"column":15},"end":{"line":3,"column":31}},"2":{"start":{"line":4,"column":12},"end":{"line":4,"column":30}},"3":{"start":{"line":6,"column":13},"end":{"line":6,"column":42}},"4":{"start":{"line":7,"column":11},"end":{"line":13,"column":2}},"5":{"start":{"line":16,"column":0},"end":{"line":40,"column":3}},"6":{"start":{"line":18,"column":19},"end":{"line":22,"column":5}},"7":{"start":{"line":23,"column":15},"end":{"line":23,"column":28}},"8":{"start":{"line":24,"column":4},"end":{"line":39,"column":7}},"9":{"start":{"line":25,"column":8},"end":{"line":38,"column":9}},"10":{"start":{"line":26,"column":12},"end":{"line":26,"column":64}},"11":{"start":{"line":28,"column":29},"end":{"line":28,"column":32}},"12":{"start":{"line":30,"column":12},"end":{"line":37,"column":19}},"13":{"start":{"line":32,"column":20},"end":{"line":32,"column":34}},"14":{"start":{"line":35,"column":20},"end":{"line":35,"column":88}},"15":{"start":{"line":36,"column":20},"end":{"line":36,"column":87}},"16":{"start":{"line":42,"column":0},"end":{"line":42,"column":24}}},"fnMap":{"0":{"name":"(anonymous_0)","decl":{"start":{"line":16,"column":33},"end":{"line":16,"column":34}},"loc":{"start":{"line":16,"column":53},"end":{"line":40,"column":1}},"line":16},"1":{"name":"(anonymous_1)","decl":{"start":{"line":24,"column":41},"end":{"line":24,"column":42}},"loc":{"start":{"line":24,"column":61},"end":{"line":39,"column":5}},"line":24},"2":{"name":"(anonymous_2)","decl":{"start":{"line":31,"column":22},"end":{"line":31,"column":23}},"loc":{"start":{"line":31,"column":34},"end":{"line":33,"column":17}},"line":31},"3":{"name":"(anonymous_3)","decl":{"start":{"line":34,"column":23},"end":{"line":34,"column":24}},"loc":{"start":{"line":34,"column":40},"end":{"line":37,"column":17}},"line":34}},"branchMap":{"0":{"loc":{"start":{"line":25,"column":8},"end":{"line":38,"column":9}},"type":"if","locations":[{"start":{"line":25,"column":8},"end":{"line":38,"column":9}},{"start":{"line":27,"column":15},"end":{"line":38,"column":9}}],"line":25}},"s":{"0":1,"1":1,"2":1,"3":1,"4":1,"5":1,"6":2,"7":2,"8":2,"9":2,"10":0,"11":2,"12":2,"13":2,"14":0,"15":0,"16":1},"f":{"0":2,"1":2,"2":2,"3":0},"b":{"0":[0,2]},"_coverageSchema":"1a1c01bbd47fc00a2c39e90264f33305004495a9","hash":"1dfed8c801b93afa8574d7f2d9258445eef70142"}
,"C:\\Users\\MariyaSughali\\Desktop\\lyric tranxify\\profileUpdate\\backend\\routes\\profilepicture_upload.js": {"path":"C:\\Users\\MariyaSughali\\Desktop\\lyric tranxify\\profileUpdate\\backend\\routes\\profilepicture_upload.js","statementMap":{"0":{"start":{"line":2,"column":16},"end":{"line":2,"column":34}},"1":{"start":{"line":3,"column":15},"end":{"line":3,"column":31}},"2":{"start":{"line":5,"column":12},"end":{"line":5,"column":30}},"3":{"start":{"line":6,"column":15},"end":{"line":6,"column":32}},"4":{"start":{"line":7,"column":17},"end":{"line":7,"column":37}},"5":{"start":{"line":9,"column":11},"end":{"line":15,"column":2}},"6":{"start":{"line":17,"column":15},"end":{"line":31,"column":1}},"7":{"start":{"line":23,"column":16},"end":{"line":23,"column":59}},"8":{"start":{"line":26,"column":16},"end":{"line":26,"column":44}},"9":{"start":{"line":33,"column":0},"end":{"line":36,"column":3}},"10":{"start":{"line":35,"column":4},"end":{"line":35,"column":68}},"11":{"start":{"line":38,"column":0},"end":{"line":38,"column":24}}},"fnMap":{"0":{"name":"(anonymous_0)","decl":{"start":{"line":22,"column":22},"end":{"line":22,"column":23}},"loc":{"start":{"line":22,"column":47},"end":{"line":24,"column":13}},"line":22},"1":{"name":"(anonymous_1)","decl":{"start":{"line":25,"column":17},"end":{"line":25,"column":18}},"loc":{"start":{"line":25,"column":42},"end":{"line":27,"column":13}},"line":25},"2":{"name":"(anonymous_2)","decl":{"start":{"line":33,"column":48},"end":{"line":33,"column":49}},"loc":{"start":{"line":33,"column":68},"end":{"line":36,"column":1}},"line":33}},"branchMap":{},"s":{"0":1,"1":1,"2":1,"3":1,"4":1,"5":1,"6":1,"7":1,"8":1,"9":1,"10":1,"11":1},"f":{"0":1,"1":1,"2":1},"b":{},"_coverageSchema":"1a1c01bbd47fc00a2c39e90264f33305004495a9","hash":"7b20c0a8ebaac02ca76017a6ecbbe2d8ef16be03"}
,"C:\\Users\\MariyaSughali\\Desktop\\lyric tranxify\\profileUpdate\\backend\\validation\\passwordValidation.js": {"path":"C:\\Users\\MariyaSughali\\Desktop\\lyric tranxify\\profileUpdate\\backend\\validation\\passwordValidation.js","statementMap":{"0":{"start":{"line":3,"column":15},"end":{"line":3,"column":32}},"1":{"start":{"line":4,"column":13},"end":{"line":4,"column":42}},"2":{"start":{"line":8,"column":4},"end":{"line":25,"column":5}},"3":{"start":{"line":9,"column":27},"end":{"line":9,"column":95}},"4":{"start":{"line":10,"column":21},"end":{"line":10,"column":39}},"5":{"start":{"line":11,"column":8},"end":{"line":13,"column":9}},"6":{"start":{"line":12,"column":12},"end":{"line":12,"column":60}},"7":{"start":{"line":15,"column":30},"end":{"line":15,"column":78}},"8":{"start":{"line":17,"column":8},"end":{"line":19,"column":9}},"9":{"start":{"line":18,"column":12},"end":{"line":18,"column":66}},"10":{"start":{"line":21,"column":8},"end":{"line":21,"column":73}},"11":{"start":{"line":23,"column":8},"end":{"line":23,"column":29}},"12":{"start":{"line":24,"column":8},"end":{"line":24,"column":63}},"13":{"start":{"line":28,"column":0},"end":{"line":28,"column":34}}},"fnMap":{"0":{"name":"validatePassword","decl":{"start":{"line":6,"column":15},"end":{"line":6,"column":31}},"loc":{"start":{"line":6,"column":49},"end":{"line":26,"column":1}},"line":6}},"branchMap":{"0":{"loc":{"start":{"line":11,"column":8},"end":{"line":13,"column":9}},"type":"if","locations":[{"start":{"line":11,"column":8},"end":{"line":13,"column":9}},{"start":{},"end":{}}],"line":11},"1":{"loc":{"start":{"line":17,"column":8},"end":{"line":19,"column":9}},"type":"if","locations":[{"start":{"line":17,"column":8},"end":{"line":19,"column":9}},{"start":{},"end":{}}],"line":17}},"s":{"0":1,"1":1,"2":3,"3":3,"4":3,"5":3,"6":1,"7":2,"8":2,"9":1,"10":1,"11":0,"12":0,"13":1},"f":{"0":3},"b":{"0":[1,2],"1":[1,1]},"_coverageSchema":"1a1c01bbd47fc00a2c39e90264f33305004495a9","hash":"fcf53e7831070e3849e70c61d1530bc651e41eda"}
}
