TN:
SF:controllers.js
FNF:0
FNH:0
DA:4,1
DA:5,1
DA:6,1
DA:7,1
DA:9,1
DA:10,1
DA:11,1
DA:13,1
DA:14,1
DA:15,1
DA:16,1
DA:17,1
DA:19,1
DA:20,1
DA:21,1
DA:22,1
DA:23,1
DA:25,1
LF:18
LH:18
BRF:0
BRH:0
end_of_record
TN:
SF:config\database.js
FNF:0
FNH:0
DA:2,1
DA:4,1
DA:12,1
LF:3
LH:3
BRF:0
BRH:0
end_of_record
TN:
SF:routes\account.js
FN:8,(anonymous_0)
FNF:1
FNH:1
FNDA:3,(anonymous_0)
DA:3,1
DA:4,1
DA:5,1
DA:8,1
DA:9,3
DA:10,3
DA:13,1
LF:7
LH:7
BRF:0
BRH:0
end_of_record
TN:
SF:routes\changepassword.js
FN:8,(anonymous_0)
FNF:1
FNH:1
FNDA:3,(anonymous_0)
DA:2,1
DA:3,1
DA:4,1
DA:5,1
DA:6,1
DA:8,1
DA:9,3
DA:10,3
DA:11,3
DA:12,2
DA:14,1
DA:16,1
DA:17,1
DA:18,1
DA:20,1
DA:22,0
DA:23,0
DA:27,1
LF:18
LH:16
BRDA:11,0,0,2
BRDA:11,0,1,1
BRF:2
BRH:2
end_of_record
TN:
SF:routes\editData.js
FN:9,(anonymous_0)
FN:13,(anonymous_1)
FN:20,validateEmail
FN:24,validatePhone
FNF:4
FNH:4
FNDA:4,(anonymous_0)
FNDA:2,(anonymous_1)
FNDA:7,validateEmail
FNDA:8,validatePhone
DA:2,1
DA:3,1
DA:5,1
DA:9,1
DA:10,4
DA:11,4
DA:13,4
DA:14,2
DA:18,2
DA:21,7
DA:22,7
DA:25,8
DA:26,8
DA:29,4
DA:30,1
DA:33,4
DA:34,1
DA:37,4
DA:38,2
DA:42,0
DA:43,0
DA:46,1
LF:22
LH:20
BRDA:29,0,0,1
BRDA:29,0,1,3
BRDA:33,1,0,1
BRDA:33,1,1,3
BRDA:37,2,0,2
BRDA:37,2,1,2
BRDA:37,3,0,4
BRDA:37,3,1,3
BRF:8
BRH:8
end_of_record
TN:
SF:routes\getImage.js
FN:16,(anonymous_0)
FN:24,(anonymous_1)
FN:31,(anonymous_2)
FN:34,(anonymous_3)
FNF:4
FNH:3
FNDA:2,(anonymous_0)
FNDA:2,(anonymous_1)
FNDA:2,(anonymous_2)
FNDA:0,(anonymous_3)
DA:2,1
DA:3,1
DA:4,1
DA:6,1
DA:7,1
DA:16,1
DA:18,2
DA:23,2
DA:24,2
DA:25,2
DA:26,0
DA:28,2
DA:30,2
DA:32,2
DA:35,0
DA:36,0
DA:42,1
LF:17
LH:14
BRDA:25,0,0,0
BRDA:25,0,1,2
BRF:2
BRH:1
end_of_record
TN:
SF:routes\profilepicture_upload.js
FN:22,(anonymous_0)
FN:25,(anonymous_1)
FN:33,(anonymous_2)
FNF:3
FNH:3
FNDA:1,(anonymous_0)
FNDA:1,(anonymous_1)
FNDA:1,(anonymous_2)
DA:2,1
DA:3,1
DA:5,1
DA:6,1
DA:7,1
DA:9,1
DA:17,1
DA:23,1
DA:26,1
DA:33,1
DA:35,1
DA:38,1
LF:12
LH:12
BRF:0
BRH:0
end_of_record
TN:
SF:validation\passwordValidation.js
FN:6,validatePassword
FNF:1
FNH:1
FNDA:3,validatePassword
DA:3,1
DA:4,1
DA:8,3
DA:9,3
DA:10,3
DA:11,3
DA:12,1
DA:15,2
DA:17,2
DA:18,1
DA:21,1
DA:23,0
DA:24,0
DA:28,1
LF:14
LH:12
BRDA:11,0,0,1
BRDA:11,0,1,2
BRDA:17,1,0,1
BRDA:17,1,1,1
BRF:4
BRH:4
end_of_record
